wlan1 up
wlan1 scan complete
starting supplicant on wlan1
p2p_flush
p2p_find
wait for p2p peer on wlan1
wait for p2p peer on wlan2
MAC: d8:5d:4c:96:68:4a
wait for flags=[REPORTED]
sudo ./wpa_cli -i wlan2 p2p_peer d8:5d:4c:96:68:4a > /tmp/wpa_cli_wlan2
p2p_connect d8:5d:4c:96:68:4a pbc
d8:5d:4c:96:68:4a
age=0
listen_freq=2412
level=2
wps_method=not-ready
interface_addr=00:00:00:00:00:00
member_in_go_dev=00:00:00:00:00:00
member_in_go_iface=00:00:00:00:00:00
pri_dev_type=1-0050F204-1
device_name=miwi1-AR9170-p2p
config_methods=0x188
dev_capab=0x23
group_capab=0x0
go_neg_req_sent=0
go_state=unknown
dialog_token=0
intended_addr=00:00:00:00:00:00
country=__
oper_freq=0
req_config_methods=0x0
flags=[REPORTED]
status=0
wait_count=0
invitation_reqs=0
monitor changes on wlan2:d8:5d:4c:96:68:4a
d8:5d:4c:96:68:4a
listen_freq=2412
level=2
wps_method=PBC
interface_addr=00:00:00:00:00:00
member_in_go_dev=00:00:00:00:00:00
member_in_go_iface=00:00:00:00:00:00
pri_dev_type=1-0050F204-1
device_name=miwi1-AR9170-p2p
config_methods=0x188
dev_capab=0x23
group_capab=0x0
go_neg_req_sent=0
go_state=unknown
dialog_token=2
intended_addr=00:00:00:00:00:00
country=__
oper_freq=0
req_config_methods=0x0
flags=[REPORTED][NOT_YET_READY]
status=0
wait_count=1
invitation_reqs=0
17c17
< country=__
> country=XX
22c22
< wait_count=1
> wait_count=2
22c22
< wait_count=2
> wait_count=3
22c22
< wait_count=3
> wait_count=4
22c22
< wait_count=4
> wait_count=5
22c22
< wait_count=5
> wait_count=6
22c22
< wait_count=6
> wait_count=7
4c4
< wps_method=PBC
> wps_method=not-ready
14,16c14,16
< go_state=unknown
< dialog_token=2
< intended_addr=00:00:00:00:00:00
> go_state=remote
> dialog_token=1
> intended_addr=d8:5d:4c:96:68:4a
18c18
< oper_freq=0
> oper_freq=2412
20c20
< flags=[REPORTED][NOT_YET_READY]
> flags=[REPORTED]
22c22
< wait_count=7
> wait_count=8
